#
# There is insufficient memory for the Java Runtime Environment to continue.
# Native memory allocation (mmap) failed to map 264241152 bytes. Error detail: G1 virtual space
# Possible reasons:
#   The system is out of physical RAM or swap space
#   This process is running with CompressedOops enabled, and the Java Heap may be blocking the growth of the native heap
# Possible solutions:
#   Reduce memory load on the system
#   Increase physical memory or swap space
#   Check if swap backing store is full
#   Decrease Java heap size (-Xmx/-Xms)
#   Decrease number of Java threads
#   Decrease Java thread stack sizes (-Xss)
#   Set larger code cache with -XX:ReservedCodeCacheSize=
#   JVM is running with Zero Based Compressed Oops mode in which the Java heap is
#     placed in the first 32GB address space. The Java Heap base address is the
#     maximum limit for the native heap growth. Please use -XX:HeapBaseMinAddress
#     to set the Java Heap base and to place the Java Heap above 32GB virtual address.
# This output file may be truncated or incomplete.
#
#  Out of Memory Error (os_windows.cpp:3713), pid=33440, tid=14936
#
# JRE version:  (21.0.9+11) (build )
# Java VM: OpenJDK 64-Bit Server VM (21.0.9+11-LTS, mixed mode, sharing, tiered, compressed oops, compressed class ptrs, g1 gc, windows-amd64)
# No core dump will be written. Minidumps are not enabled by default on client versions of Windows
#

---------------  S U M M A R Y ------------

Command Line: -Dfile.encoding=UTF-8 -Dstdout.encoding=UTF-8 -Dstderr.encoding=UTF-8 --module-path=C:\Users\adiva\.p2\pool\plugins\org.eclipse.fx.ide.css.jfx8_3.11.0.202510270700.jar -XX:+ShowCodeDetailsInExceptionMessages application.Main

Host: 11th Gen Intel(R) Core(TM) i7-1165G7 @ 2.80GHz, 8 cores, 15G,  Windows 11 , 64 bit Build 26100 (10.0.26100.8246)
Time: Wed Apr 29 14:12:29 2026 elapsed time: 1.048005 seconds (0d 0h 0m 1s)

---------------  T H R E A D  ---------------

Current thread (0x000001b203d8dbd0):  JavaThread "Unknown thread" [_thread_in_vm, id=14936, stack(0x000000556ec00000,0x000000556ed00000) (1024K)]

Stack: [0x000000556ec00000,0x000000556ed00000]
Native frames: (J=compiled Java code, j=interpreted, Vv=VM code, C=native code)
V  [jvm.dll+0x6da199]
V  [jvm.dll+0x8b7861]
V  [jvm.dll+0x8b9c7e]
V  [jvm.dll+0x8ba363]
V  [jvm.dll+0x285a46]
V  [jvm.dll+0x6d68c5]
V  [jvm.dll+0x6ca42a]
V  [jvm.dll+0x35e94a]
V  [jvm.dll+0x366566]
V  [jvm.dll+0x3b831e]
V  [jvm.dll+0x3b85c8]
V  [jvm.dll+0x3322fc]
V  [jvm.dll+0x332e8b]
V  [jvm.dll+0x87fe29]
V  [jvm.dll+0x3c5471]
V  [jvm.dll+0x868dc3]
V  [jvm.dll+0x45990e]
V  [jvm.dll+0x45b591]
C  [jli.dll+0x52a3]
C  [ucrtbase.dll+0x37b0]
C  [KERNEL32.DLL+0x2e8d7]
C  [ntdll.dll+0x8c3fc]


---------------  P R O C E S S  ---------------

Threads class SMR info:
_java_thread_list=0x00007ffd6440bd20, length=0, elements={
}

Java Threads: ( => current thread )
Total: 0

Other Threads:
  0x000001b20623fed0 WorkerThread "GC Thread#0"                     [id=45772, stack(0x000000556ee00000,0x000000556ef00000) (1024K)]
  0x000001b2062519f0 ConcurrentGCThread "G1 Main Marker"            [id=42784, stack(0x000000556ef00000,0x000000556f000000) (1024K)]
  0x000001b206252ba0 WorkerThread "G1 Conc#0"                       [id=77768, stack(0x000000556f000000,0x000000556f100000) (1024K)]

[error occurred during error reporting (printing all threads), id 0xc0000005, EXCEPTION_ACCESS_VIOLATION (0xc0000005) at pc=0x00007ffd63af5317]
VM state: not at safepoint (not fully initialized)

VM Mutex/Monitor currently owned by a thread:  ([mutex/lock_event])
[0x00007ffd64481720] Heap_lock - owner thread: 0x000001b203d8dbd0

Heap address: 0x0000000704200000, size: 4030 MB, Compressed Oops mode: Zero based, Oop shift amount: 3

CDS archive(s) mapped at: [0x0000000000000000-0x0000000000000000-0x0000000000000000), size 0, SharedBaseAddress: 0x0000000800000000, ArchiveRelocationMode: 1.
Narrow klass base: 0x0000000000000000, Narrow klass shift: 0, Narrow klass range: 0x0

GC Precious Log:
 CardTable entry size: 512
 Card Set container configuration: InlinePtr #cards 4 size 8 Array Of Cards #cards 16 size 48 Howl #buckets 8 coarsen threshold 3686 Howl Bitmap #cards 512 size 80 coarsen threshold 460 Card regions per heap region 1 cards per card region 4096

Heap:
 garbage-first heap   total 0K, used 0K [0x0000000704200000, 0x0000000800000000)
  region size 2048K, 0 young (0K), 0 survivors (0K)

[error occurred during error reporting (printing heap information), id 0xc0000005, EXCEPTION_ACCESS_VIOLATION (0xc0000005) at pc=0x00007ffd63ee38a9]
GC Heap History (0 events):
No events

Dll operation events (1 events):
Event: 0.011 Loaded shared library C:\Program Files\BellSoft\LibericaJDK-21-Full\bin\java.dll

Deoptimization events (0 events):
No events

Classes loaded (0 events):
No events

Classes unloaded (0 events):
No events

Classes redefined (0 events):
No events

Internal exceptions (0 events):
No events

ZGC Phase Switch (0 events):
No events

VM Operations (0 events):
No events

Memory protections (0 events):
No events

Nmethod flushes (0 events):
No events

Events (0 events):
No events


Dynamic libraries:
0x00007ff658390000 - 0x00007ff65839e000 	C:\Program Files\BellSoft\LibericaJDK-21-Full\bin\javaw.exe
0x00007ffe64240000 - 0x00007ffe644a7000 	C:\WINDOWS\SYSTEM32\ntdll.dll
0x00007ffe62ff0000 - 0x00007ffe630b9000 	C:\WINDOWS\System32\KERNEL32.DLL
0x00007ffe617c0000 - 0x00007ffe61bb4000 	C:\WINDOWS\System32\KERNELBASE.dll
0x00007ffe61da0000 - 0x00007ffe61eeb000 	C:\WINDOWS\System32\ucrtbase.dll
0x00007ffe401b0000 - 0x00007ffe401c8000 	C:\Program Files\BellSoft\LibericaJDK-21-Full\bin\jli.dll
0x00007ffe626f0000 - 0x00007ffe628b5000 	C:\WINDOWS\System32\USER32.dll
0x00007ffe61fa0000 - 0x00007ffe61fc7000 	C:\WINDOWS\System32\win32u.dll
0x00007ffe632f0000 - 0x00007ffe6331b000 	C:\WINDOWS\System32\GDI32.dll
0x00007ffe61bc0000 - 0x00007ffe61ceb000 	C:\WINDOWS\System32\gdi32full.dll
0x00007ffe61ef0000 - 0x00007ffe61f93000 	C:\WINDOWS\System32\msvcp_win.dll
0x00007ffe31650000 - 0x00007ffe3166b000 	C:\Program Files\BellSoft\LibericaJDK-21-Full\bin\VCRUNTIME140.dll
0x00007ffe473f0000 - 0x00007ffe47683000 	C:\WINDOWS\WinSxS\amd64_microsoft.windows.common-controls_6595b64144ccf1df_6.0.26100.8115_none_3e075c82e3354f9c\COMCTL32.dll
0x00007ffe63240000 - 0x00007ffe632e9000 	C:\WINDOWS\System32\msvcrt.dll
0x00007ffe63c20000 - 0x00007ffe63c52000 	C:\WINDOWS\System32\IMM32.DLL
0x00007ffdeefd0000 - 0x00007ffdef16e000 	C:\Program Files (x86)\Citrix\ICA Client\ctxapclient64.dll
0x00007ffe62100000 - 0x00007ffe62482000 	C:\WINDOWS\System32\combase.dll
0x00007ffe63a90000 - 0x00007ffe63ba8000 	C:\WINDOWS\System32\RPCRT4.dll
0x00007ffe60a00000 - 0x00007ffe60a2a000 	C:\WINDOWS\SYSTEM32\bcrypt.dll
0x00007ffe62490000 - 0x00007ffe62537000 	C:\WINDOWS\System32\sechost.dll
0x00007ffe51150000 - 0x00007ffe5115b000 	C:\WINDOWS\SYSTEM32\VERSION.dll
0x00007ffe628c0000 - 0x00007ffe62976000 	C:\WINDOWS\System32\ADVAPI32.dll
0x00007ffe5f9c0000 - 0x00007ffe5f9f6000 	C:\WINDOWS\SYSTEM32\ntmarta.dll
0x000001b203f50000 - 0x000001b203ff5000 	C:\WINDOWS\System32\bcryptprimitives.dll
0x00007ffe5c5b0000 - 0x00007ffe5c5bc000 	C:\Program Files\BellSoft\LibericaJDK-21-Full\bin\vcruntime140_1.dll
0x00007ffe133d0000 - 0x00007ffe1345e000 	C:\Program Files\BellSoft\LibericaJDK-21-Full\bin\msvcp140.dll
0x00007ffd637b0000 - 0x00007ffd64563000 	C:\Program Files\BellSoft\LibericaJDK-21-Full\bin\server\jvm.dll
0x00007ffe63e70000 - 0x00007ffe63ef0000 	C:\WINDOWS\System32\WS2_32.dll
0x00007ffe60970000 - 0x00007ffe609ce000 	C:\WINDOWS\SYSTEM32\POWRPROF.dll
0x00007ffe58f40000 - 0x00007ffe58f76000 	C:\WINDOWS\SYSTEM32\WINMM.dll
0x00007ffe60950000 - 0x00007ffe60964000 	C:\WINDOWS\SYSTEM32\UMPDC.dll
0x00007ffe5f8a0000 - 0x00007ffe5f8bb000 	C:\WINDOWS\SYSTEM32\kernel.appcore.dll
0x00007ffe40f10000 - 0x00007ffe40f1a000 	C:\Program Files\BellSoft\LibericaJDK-21-Full\bin\jimage.dll
0x00007ffe5c0c0000 - 0x00007ffe5c302000 	C:\WINDOWS\SYSTEM32\DBGHELP.DLL
0x00007ffe62610000 - 0x00007ffe626e8000 	C:\WINDOWS\System32\OLEAUT32.dll
0x00007ffe48890000 - 0x00007ffe488cb000 	C:\WINDOWS\SYSTEM32\dbgcore.DLL
0x00007ffe31530000 - 0x00007ffe3154f000 	C:\Program Files\BellSoft\LibericaJDK-21-Full\bin\java.dll

JVMTI agents: none

dbghelp: loaded successfully - version: 4.0.5 - missing functions: none
symbol engine: initialized successfully - sym options: 0x614 - pdb path: .;C:\Program Files\BellSoft\LibericaJDK-21-Full\bin;C:\WINDOWS\SYSTEM32;C:\WINDOWS\WinSxS\amd64_microsoft.windows.common-controls_6595b64144ccf1df_6.0.26100.8115_none_3e075c82e3354f9c;C:\Program Files (x86)\Citrix\ICA Client;C:\Program Files\BellSoft\LibericaJDK-21-Full\bin\server

VM Arguments:
jvm_args: -Dfile.encoding=UTF-8 -Dstdout.encoding=UTF-8 -Dstderr.encoding=UTF-8 --module-path=C:\Users\adiva\.p2\pool\plugins\org.eclipse.fx.ide.css.jfx8_3.11.0.202510270700.jar -XX:+ShowCodeDetailsInExceptionMessages 
java_command: application.Main
java_class_path (initial): C:\Users\adiva\git\Methods-Project\Client.GUI\bin;C:\Users\adiva\Desktop\ůéčĺú\úřâĺěéí\úřâéě 5\Exercise_05-Client-Server\OCSF\bin
Launcher Type: SUN_STANDARD

[Global flags]
     intx CICompilerCount                          = 4                                         {product} {ergonomic}
     uint ConcGCThreads                            = 2                                         {product} {ergonomic}
     uint G1ConcRefinementThreads                  = 8                                         {product} {ergonomic}
   size_t G1HeapRegionSize                         = 2097152                                   {product} {ergonomic}
    uintx GCDrainStackTargetSize                   = 64                                        {product} {ergonomic}
   size_t InitialHeapSize                          = 264241152                                 {product} {ergonomic}
   size_t MarkStackSize                            = 4194304                                   {product} {ergonomic}
   size_t MaxHeapSize                              = 4225761280                                {product} {ergonomic}
   size_t MinHeapDeltaBytes                        = 2097152                                   {product} {ergonomic}
   size_t MinHeapSize                              = 8388608                                   {product} {ergonomic}
    uintx NonNMethodCodeHeapSize                   = 5839372                                {pd product} {ergonomic}
    uintx NonProfiledCodeHeapSize                  = 122909434                              {pd product} {ergonomic}
    uintx ProfiledCodeHeapSize                     = 122909434                              {pd product} {ergonomic}
    uintx ReservedCodeCacheSize                    = 251658240                              {pd product} {ergonomic}
     bool SegmentedCodeCache                       = true                                      {product} {ergonomic}
     bool ShowCodeDetailsInExceptionMessages       = true                                   {manageable} {command line}
   size_t SoftMaxHeapSize                          = 4225761280                             {manageable} {ergonomic}
     bool UseCompressedOops                        = true                           {product lp64_product} {ergonomic}
     bool UseG1GC                                  = true                                      {product} {ergonomic}
     bool UseLargePagesIndividualAllocation        = false                                  {pd product} {ergonomic}

Logging:
Log output configuration:
 #0: stdout all=warning uptime,level,tags foldmultilines=false
 #1: stderr all=off uptime,level,tags foldmultilines=false

Release file:
<release file has not been read>
Environment Variables:
JAVA_HOME=C:\Program Files\BellSoft\LibericaJDK-21-Full\
PATH=C:/Program Files/BellSoft/LibericaJDK-21/bin/server;C:/Program Files/BellSoft/LibericaJDK-21/bin;C:\Program Files\BellSoft\LibericaJDK-21-Full\bin\;C:\Program Files\BellSoft\LibericaJDK-21\bin\;C:\Program Files\Common Files\Oracle\Java\javapath;C:\WINDOWS\system32;C:\WINDOWS;C:\WINDOWS\System32\Wbem;C:\WINDOWS\System32\WindowsPowerShell\v1.0\;C:\WINDOWS\System32\OpenSSH\;C:\Program Files\dotnet\;C:\WINDOWS\system32;C:\WINDOWS;C:\WINDOWS\System32\Wbem;C:\WINDOWS\System32\WindowsPowerShell\v1.0\;C:\WINDOWS\System32\OpenSSH\;C:\Program Files (x86)\Windows Kits\10\Windows Performance Toolkit\;C:\Program Files\Git\cmd;C:\Program Files\nodejs\;C:\ProgramData\chocolatey\bin;C:\Program Files\Docker\Docker\resources\bin;C:\Program Files\MySQL\MySQL Shell 8.0\bin\;C:\Users\adiva\.local\bin;C:\Users\adiva\AppData\Local\Microsoft\WindowsApps;C:\Users\adiva\AppData\Local\Programs\Microsoft VS Code\bin;C:\Users\adiva\AppData\Roaming\npm;C:\Users\adiva\.dotnet\tools;C:\Users\adiva\Desktop\ůéčĺú\úĺëđĺú;
USERNAME=adiva
OS=Windows_NT
PROCESSOR_IDENTIFIER=Intel64 Family 6 Model 140 Stepping 1, GenuineIntel
TMP=C:\Users\adiva\AppData\Local\Temp
TEMP=C:\Users\adiva\AppData\Local\Temp




Periodic native trim disabled

---------------  S Y S T E M  ---------------

OS:
 Windows 11 , 64 bit Build 26100 (10.0.26100.8246)
OS uptime: 13 days 14:54 hours
Hyper-V role detected

CPU: total 8 (initial active 8) (4 cores per cpu, 2 threads per core) family 6 model 140 stepping 1 microcode 0xbe, cx8, cmov, fxsr, ht, mmx, 3dnowpref, sse, sse2, sse3, ssse3, sse4.1, sse4.2, popcnt, lzcnt, tsc, tscinvbit, avx, avx2, aes, erms, clmul, bmi1, bmi2, adx, avx512f, avx512dq, avx512cd, avx512bw, avx512vl, sha, fma, vzeroupper, avx512_vpopcntdq, avx512_vpclmulqdq, avx512_vaes, avx512_vnni, clflush, clflushopt, clwb, avx512_vbmi2, avx512_vbmi, hv, rdtscp, rdpid, fsrm, gfni, avx512_bitalg, f16c, cet_ibt, cet_ss, avx512_ifma
Processor Information for the first 8 processors :
  Max Mhz: 2803, Current Mhz: 2803, Mhz Limit: 2803

Memory: 4k page, system-wide physical 16118M (1464M free)
TotalPageFile size 65270M (AvailPageFile size 151M)
current process WorkingSet (physical memory assigned to process): 14M, peak: 14M
current process commit charge ("private bytes"): 62M, peak: 314M

vm_info: OpenJDK 64-Bit Server VM (21.0.9+11-LTS) for windows-amd64 JRE (21.0.9+11-LTS), built on 2025-10-14T22:50:58Z by "hudson" with MS VC++ 17.1 (VS2022)

END.
